<?xml version="1.0" encoding="UTF-8" standalone="yes"?>
<ns2:test-suite start="1636626304332" stop="1636626315293" version="1.5.2" xmlns:ns2="urn:model.allure.qatools.yandex.ru">
    <name>Flipkart user logIn using valid credentials</name>
    <description type="text"></description>
    <test-cases>
        <test-case start="1636626304355" stop="1636626315292" status="broken">
            <name>Login into the application with valid credentials</name>
            <title>Login into the application with valid credentials</title>
            <description type="text"></description>
            <failure>
                <message>WebDriverException: unknown error: Element &lt;a class="_1_3w1N" href="/account/login?ret=/"&gt;...&lt;/a&gt; is not clickable at point (1118, 27). Other element would receive the click: &lt;div class="_2hriZF _2rbIyg" tabindex="-1"&gt;...&lt;/div&gt;
  (Session info: chrome=95.0.4638.69)
  (Driver info: chromedriver=2.38.552522 (437e6fbedfa8762dec75e2c5b3ddb86763dc9dcb),platform=Windows NT 10.0.19042 x86_64) (WARNING: The server did not provide any stacktrace information)
Command duration or timeout: 0 milliseconds
Build info: version: '3.11.0', revision: 'e59cfb3', time: '2018-03-11T20:26:55.152Z'
System info: host: 'SHIJU', ip: '192.168.1.102', os.name: 'Windows 10', os.arch: 'amd64', os.version: '10.0', java.version: '1.8.0_301'
Driver info: org.openqa.selenium.chrome.ChromeDriver
Capabilities {acceptInsecureCerts: false, acceptSslCerts: false, applicationCacheEnabled: false, browserConnectionEnabled: false, browserName: chrome, chrome: {chromedriverVersion: 2.38.552522 (437e6fbedfa876..., userDataDir: C:\Users\USER\AppData\Local...}, cssSelectorsEnabled: true, databaseEnabled: false, handlesAlerts: true, hasTouchScreen: false, javascriptEnabled: true, locationContextEnabled: true, mobileEmulationEnabled: false, nativeEvents: true, networkConnectionEnabled: false, pageLoadStrategy: normal, platform: XP, platformName: XP, rotatable: false, setWindowRect: true, takesHeapSnapshot: true, takesScreenshot: true, unexpectedAlertBehaviour: , unhandledPromptBehavior: , version: 95.0.4638.69, webStorageEnabled: true}
Session ID: dd8cc244c964dfeb84cb0bb77a1377fb</message>
                <stack-trace>org.openqa.selenium.WebDriverException: unknown error: Element &lt;a class="_1_3w1N" href="/account/login?ret=/"&gt;...&lt;/a&gt; is not clickable at point (1118, 27). Other element would receive the click: &lt;div class="_2hriZF _2rbIyg" tabindex="-1"&gt;...&lt;/div&gt;
  (Session info: chrome=95.0.4638.69)
  (Driver info: chromedriver=2.38.552522 (437e6fbedfa8762dec75e2c5b3ddb86763dc9dcb),platform=Windows NT 10.0.19042 x86_64) (WARNING: The server did not provide any stacktrace information)
Command duration or timeout: 0 milliseconds
Build info: version: '3.11.0', revision: 'e59cfb3', time: '2018-03-11T20:26:55.152Z'
System info: host: 'SHIJU', ip: '192.168.1.102', os.name: 'Windows 10', os.arch: 'amd64', os.version: '10.0', java.version: '1.8.0_301'
Driver info: org.openqa.selenium.chrome.ChromeDriver
Capabilities {acceptInsecureCerts: false, acceptSslCerts: false, applicationCacheEnabled: false, browserConnectionEnabled: false, browserName: chrome, chrome: {chromedriverVersion: 2.38.552522 (437e6fbedfa876..., userDataDir: C:\Users\USER\AppData\Local...}, cssSelectorsEnabled: true, databaseEnabled: false, handlesAlerts: true, hasTouchScreen: false, javascriptEnabled: true, locationContextEnabled: true, mobileEmulationEnabled: false, nativeEvents: true, networkConnectionEnabled: false, pageLoadStrategy: normal, platform: XP, platformName: XP, rotatable: false, setWindowRect: true, takesHeapSnapshot: true, takesScreenshot: true, unexpectedAlertBehaviour: , unhandledPromptBehavior: , version: 95.0.4638.69, webStorageEnabled: true}
Session ID: dd8cc244c964dfeb84cb0bb77a1377fb
	at sun.reflect.NativeConstructorAccessorImpl.newInstance0(Native Method)
	at sun.reflect.NativeConstructorAccessorImpl.newInstance(NativeConstructorAccessorImpl.java:62)
	at sun.reflect.DelegatingConstructorAccessorImpl.newInstance(DelegatingConstructorAccessorImpl.java:45)
	at java.lang.reflect.Constructor.newInstance(Constructor.java:423)
	at org.openqa.selenium.remote.ErrorHandler.createThrowable(ErrorHandler.java:214)
	at org.openqa.selenium.remote.ErrorHandler.throwIfResponseFailed(ErrorHandler.java:166)
	at org.openqa.selenium.remote.http.JsonHttpResponseCodec.reconstructValue(JsonHttpResponseCodec.java:40)
	at org.openqa.selenium.remote.http.AbstractHttpResponseCodec.decode(AbstractHttpResponseCodec.java:80)
	at org.openqa.selenium.remote.http.AbstractHttpResponseCodec.decode(AbstractHttpResponseCodec.java:44)
	at org.openqa.selenium.remote.HttpCommandExecutor.execute(HttpCommandExecutor.java:158)
	at org.openqa.selenium.remote.service.DriverCommandExecutor.execute(DriverCommandExecutor.java:83)
	at org.openqa.selenium.remote.RemoteWebDriver.execute(RemoteWebDriver.java:545)
	at org.openqa.selenium.remote.RemoteWebElement.execute(RemoteWebElement.java:279)
	at org.openqa.selenium.remote.RemoteWebElement.click(RemoteWebElement.java:83)
	at sun.reflect.NativeMethodAccessorImpl.invoke0(Native Method)
	at sun.reflect.NativeMethodAccessorImpl.invoke(NativeMethodAccessorImpl.java:62)
	at sun.reflect.DelegatingMethodAccessorImpl.invoke(DelegatingMethodAccessorImpl.java:43)
	at java.lang.reflect.Method.invoke(Method.java:498)
	at org.openqa.selenium.support.pagefactory.internal.LocatingElementHandler.invoke(LocatingElementHandler.java:51)
	at com.sun.proxy.$Proxy21.click(Unknown Source)
	at com.cucumberFramework.pageObjects.FlipkartLogInPage.clickLoginButton(FlipkartLogInPage.java:52)
	at com.cucumberFramework.stepdefinitions.FlipkartLogIn.user_click_on_login_button_and_wait(FlipkartLogIn.java:30)
	at âœ½.When User click on LogIn button and wait(flipkart/flipkart_login.feature:5)
</stack-trace>
            </failure>
            <steps>
                <step start="1636626311003" stop="1636626313790" status="passed">
                    <name>Given User am on the Login page URL "https://www.flipkart.com/"</name>
                    <title>Given User am on the Login page URL "https://www.flipkart.com/"</title>
                </step>
                <step start="1636626313791" stop="1636626313892" status="broken">
                    <name>When User click on LogIn button and wait</name>
                    <title>When User click on LogIn button and wait</title>
                </step>
                <step start="1636626313892" stop="1636626313894" status="canceled">
                    <name>Then User enter username as "9946694430"</name>
                    <title>Then User enter username as "9946694430"</title>
                </step>
                <step start="1636626313895" stop="1636626313895" status="canceled">
                    <name>And User enter password as "mangobite@777"</name>
                    <title>And User enter password as "mangobite@777"</title>
                </step>
                <step start="1636626313895" stop="1636626313895" status="canceled">
                    <name>And User click on login button</name>
                    <title>And User click on login button</title>
                </step>
                <step start="1636626313895" stop="1636626313895" status="canceled">
                    <name>Then User searched the item ""</name>
                    <title>Then User searched the item ""</title>
                </step>
                <step start="1636626313895" stop="1636626313895" status="canceled">
                    <name>And User added that item to Cart</name>
                    <title>And User added that item to Cart</title>
                </step>
                <step start="1636626313895" stop="1636626313895" status="canceled">
                    <name>Then User verified whther that item is added to cart or not</name>
                    <title>Then User verified whther that item is added to cart or not</title>
                </step>
                <step start="1636626313895" stop="1636626313895" status="canceled">
                    <name>And User removed that item from cart</name>
                    <title>And User removed that item from cart</title>
                </step>
                <step start="1636626313895" stop="1636626313895" status="canceled">
                    <name>And user verified whether that item is removed or not</name>
                    <title>And user verified whether that item is removed or not</title>
                </step>
                <step start="1636626313896" stop="1636626313896" status="canceled">
                    <name>And User logged out</name>
                    <title>And User logged out</title>
                </step>
            </steps>
            <attachments>
                <attachment title="attachment0" source="9c2adf14-f6b6-4383-b165-d2d966d6b303-attachment.png" type="image/png"/>
            </attachments>
            <labels>
                <label name="story" value="Login into the application with valid credentials"/>
                <label name="feature" value="Flipkart user logIn using valid credentials"/>
                <label name="host" value="SHIJU"/>
                <label name="thread" value="2344@SHIJU.main(1)"/>
                <label name="framework" value="CucumberJVM"/>
            </labels>
        </test-case>
    </test-cases>
    <labels>
        <label name="feature" value="Flipkart user logIn using valid credentials"/>
        <label name="language" value="JAVA"/>
    </labels>
</ns2:test-suite>
