<?xml version="1.0" encoding="UTF-8"?>
<!-- Generated by org.testng.reporters.JUnitXMLReporter -->
<testsuite hostname="SHIJU" name="Regression Test" tests="1" failures="0" timestamp="9 Nov 2021 11:00:18 GMT" time="0.708" errors="0">
  <testcase name="@BeforeClass setUpClass" time="0.0" classname="com.cucumberFramework.testRunner.TestRunner">
    <failure type="cucumber.runtime.DuplicateStepDefinitionException" message="Duplicate step definitions in com.cucumberFramework.stepdefinitions.loginLogoutPageStepDefinitions.i_click_on_sign_in_button_and_wait_for_sign_in_page() in file:/C:/Users/USER/Desktop/Cucumber-BDD-Automation-Framework-master/Cucumber-BDD-Automation-Framework-master/target/classes/ and com.cucumberFramework.stepdefinitions.AddingItemsToCartStepDefinitions.i_click_on_sign_in_button_and_wait_for_sign_in_page() in file:/C:/Users/USER/Desktop/Cucumber-BDD-Automation-Framework-master/Cucumber-BDD-Automation-Framework-master/target/classes/">
      <![CDATA[cucumber.runtime.DuplicateStepDefinitionException: Duplicate step definitions in com.cucumberFramework.stepdefinitions.loginLogoutPageStepDefinitions.i_click_on_sign_in_button_and_wait_for_sign_in_page() in file:/C:/Users/USER/Desktop/Cucumber-BDD-Automation-Framework-master/Cucumber-BDD-Automation-Framework-master/target/classes/ and com.cucumberFramework.stepdefinitions.AddingItemsToCartStepDefinitions.i_click_on_sign_in_button_and_wait_for_sign_in_page() in file:/C:/Users/USER/Desktop/Cucumber-BDD-Automation-Framework-master/Cucumber-BDD-Automation-Framework-master/target/classes/
	at cucumber.runtime.RuntimeGlue.addStepDefinition(RuntimeGlue.java:33)
	at cucumber.runtime.java.JavaBackend.addStepDefinition(JavaBackend.java:151)
	at cucumber.runtime.java.MethodScanner.scan(MethodScanner.java:68)
	at cucumber.runtime.java.MethodScanner.scan(MethodScanner.java:41)
	at cucumber.runtime.java.JavaBackend.loadGlue(JavaBackend.java:86)
	at cucumber.runtime.Runtime.<init>(Runtime.java:92)
	at cucumber.runtime.Runtime.<init>(Runtime.java:70)
	at cucumber.runtime.Runtime.<init>(Runtime.java:66)
	at cucumber.api.testng.TestNGCucumberRunner.<init>(TestNGCucumberRunner.java:42)
	at com.cucumberFramework.testRunner.TestRunner.setUpClass(TestRunner.java:22)
... Removed 24 stack frames]]>
    </failure>
  </testcase> <!-- @BeforeClass setUpClass -->
  <testcase name="@AfterClass testDownClass" time="0.0" classname="com.cucumberFramework.testRunner.TestRunner">
    <failure type="java.lang.NullPointerException">
      <![CDATA[java.lang.NullPointerException
	at com.cucumberFramework.testRunner.TestRunner.testDownClass(TestRunner.java:37)
... Removed 24 stack frames]]>
    </failure>
  </testcase> <!-- @AfterClass testDownClass -->
  <testcase name="feature" time="0.0" classname="com.cucumberFramework.testRunner.TestRunner">
    <skipped/>
  </testcase> <!-- feature -->
</testsuite> <!-- Regression Test -->
